cc  -Os -g -Wall -fno-strict-aliasing -DLOCAL_ROOT=\"/usr/share/polipo/www/\" -DDISK_CACHE_ROOT=\"/var/cache/polipo/\"     -c -o util.o util.c
cc  -Os -g -Wall -fno-strict-aliasing -DLOCAL_ROOT=\"/usr/share/polipo/www/\" -DDISK_CACHE_ROOT=\"/var/cache/polipo/\"     -c -o event.o event.c
cc  -Os -g -Wall -fno-strict-aliasing -DLOCAL_ROOT=\"/usr/share/polipo/www/\" -DDISK_CACHE_ROOT=\"/var/cache/polipo/\"     -c -o io.o io.c
io.c: In function ‘do_scheduled_stream’:
io.c:151:38: warning: ‘snprintf’ output may be truncated before the last format character [-Wformat-truncation=]
  151 |     n = snprintf(buf, buflen, "%x\r\n", i);
      |                                      ^
In function ‘chunkHeader’,
    inlined from ‘do_scheduled_stream’ at io.c:268:13:
io.c:151:9: note: ‘snprintf’ output between 4 and 11 bytes into a destination of size 10
  151 |     n = snprintf(buf, buflen, "%x\r\n", i);
      |         ^~~~~~~~~~~~~~~~~~~~~~~~~~~~~~~~~~
cc  -Os -g -Wall -fno-strict-aliasing -DLOCAL_ROOT=\"/usr/share/polipo/www/\" -DDISK_CACHE_ROOT=\"/var/cache/polipo/\"     -c -o chunk.o chunk.c
cc  -Os -g -Wall -fno-strict-aliasing -DLOCAL_ROOT=\"/usr/share/polipo/www/\" -DDISK_CACHE_ROOT=\"/var/cache/polipo/\"     -c -o atom.o atom.c
cc  -Os -g -Wall -fno-strict-aliasing -DLOCAL_ROOT=\"/usr/share/polipo/www/\" -DDISK_CACHE_ROOT=\"/var/cache/polipo/\"     -c -o object.o object.c
cc  -Os -g -Wall -fno-strict-aliasing -DLOCAL_ROOT=\"/usr/share/polipo/www/\" -DDISK_CACHE_ROOT=\"/var/cache/polipo/\"     -c -o log.o log.c
cc  -Os -g -Wall -fno-strict-aliasing -DLOCAL_ROOT=\"/usr/share/polipo/www/\" -DDISK_CACHE_ROOT=\"/var/cache/polipo/\"     -c -o diskcache.o diskcache.c
cc  -Os -g -Wall -fno-strict-aliasing -DLOCAL_ROOT=\"/usr/share/polipo/www/\" -DDISK_CACHE_ROOT=\"/var/cache/polipo/\"     -c -o main.o main.c
cc  -Os -g -Wall -fno-strict-aliasing -DLOCAL_ROOT=\"/usr/share/polipo/www/\" -DDISK_CACHE_ROOT=\"/var/cache/polipo/\"     -c -o config.o config.c
cc  -Os -g -Wall -fno-strict-aliasing -DLOCAL_ROOT=\"/usr/share/polipo/www/\" -DDISK_CACHE_ROOT=\"/var/cache/polipo/\"     -c -o local.o local.c
cc  -Os -g -Wall -fno-strict-aliasing -DLOCAL_ROOT=\"/usr/share/polipo/www/\" -DDISK_CACHE_ROOT=\"/var/cache/polipo/\"     -c -o http.o http.c
cc  -Os -g -Wall -fno-strict-aliasing -DLOCAL_ROOT=\"/usr/share/polipo/www/\" -DDISK_CACHE_ROOT=\"/var/cache/polipo/\"     -c -o client.o client.c
cc  -Os -g -Wall -fno-strict-aliasing -DLOCAL_ROOT=\"/usr/share/polipo/www/\" -DDISK_CACHE_ROOT=\"/var/cache/polipo/\"     -c -o server.o server.c
cc  -Os -g -Wall -fno-strict-aliasing -DLOCAL_ROOT=\"/usr/share/polipo/www/\" -DDISK_CACHE_ROOT=\"/var/cache/polipo/\"     -c -o auth.o auth.c
cc  -Os -g -Wall -fno-strict-aliasing -DLOCAL_ROOT=\"/usr/share/polipo/www/\" -DDISK_CACHE_ROOT=\"/var/cache/polipo/\"     -c -o tunnel.o tunnel.c
cc  -Os -g -Wall -fno-strict-aliasing -DLOCAL_ROOT=\"/usr/share/polipo/www/\" -DDISK_CACHE_ROOT=\"/var/cache/polipo/\"     -c -o http_parse.o http_parse.c
cc  -Os -g -Wall -fno-strict-aliasing -DLOCAL_ROOT=\"/usr/share/polipo/www/\" -DDISK_CACHE_ROOT=\"/var/cache/polipo/\"     -c -o parse_time.o parse_time.c
cc  -Os -g -Wall -fno-strict-aliasing -DLOCAL_ROOT=\"/usr/share/polipo/www/\" -DDISK_CACHE_ROOT=\"/var/cache/polipo/\"     -c -o dns.o dns.c
cc  -Os -g -Wall -fno-strict-aliasing -DLOCAL_ROOT=\"/usr/share/polipo/www/\" -DDISK_CACHE_ROOT=\"/var/cache/polipo/\"     -c -o forbidden.o forbidden.c
cc  -Os -g -Wall -fno-strict-aliasing -DLOCAL_ROOT=\"/usr/share/polipo/www/\" -DDISK_CACHE_ROOT=\"/var/cache/polipo/\"     -c -o md5import.o md5import.c
In file included from md5import.c:14:
md5.c: In function ‘MD5Init’:
md5.c:120:6: warning: old-style function definition [-Wold-style-definition]
  120 | void MD5Init (mdContext)
      |      ^~~~~~~
md5.c: In function ‘MD5Update’:
md5.c:137:6: warning: old-style function definition [-Wold-style-definition]
  137 | void MD5Update (mdContext, inBuf, inLen)
      |      ^~~~~~~~~
md5.c: In function ‘MD5Final’:
md5.c:176:6: warning: old-style function definition [-Wold-style-definition]
  176 | void MD5Final (mdContext)
      |      ^~~~~~~~
md5.c: In function ‘Transform’:
md5.c:217:13: warning: old-style function definition [-Wold-style-definition]
  217 | static void Transform (buf, in)
      |             ^~~~~~~~~
cc  -Os -g -Wall -fno-strict-aliasing -DLOCAL_ROOT=\"/usr/share/polipo/www/\" -DDISK_CACHE_ROOT=\"/var/cache/polipo/\"     -c -o ftsimport.o ftsimport.c
cc  -Os -g -Wall -fno-strict-aliasing -DLOCAL_ROOT=\"/usr/share/polipo/www/\" -DDISK_CACHE_ROOT=\"/var/cache/polipo/\"     -c -o socks.o socks.c
cc  -Os -g -Wall -fno-strict-aliasing -DLOCAL_ROOT=\"/usr/share/polipo/www/\" -DDISK_CACHE_ROOT=\"/var/cache/polipo/\"     -c -o mingw.o mingw.c
cc  -Os -g -Wall -fno-strict-aliasing -DLOCAL_ROOT=\"/usr/share/polipo/www/\" -DDISK_CACHE_ROOT=\"/var/cache/polipo/\"    -o polipo util.o event.o io.o chunk.o atom.o object.o log.o diskcache.o main.o config.o local.o http.o client.o server.o auth.o tunnel.o http_parse.o parse_time.o dns.o forbidden.o md5import.o ftsimport.o socks.o mingw.o  
