checking for correct TEA configuration... ok (TEA 3.5)
checking for Tcl configuration... found /usr/lib64/tclConfig.sh
checking for existence of /usr/lib64/tclConfig.sh... loading
checking for Tk configuration... found /usr/lib64/tkConfig.sh
checking for existence of /usr/lib64/tkConfig.sh... loading
configure: --prefix defaulting to TCL_PREFIX /usr
configure: --exec-prefix defaulting to TCL_EXEC_PREFIX /usr
checking for gcc... gcc
checking for C compiler default output file name... a.out
checking whether the C compiler works... yes
checking whether we are cross compiling... no
checking for suffix of executables... 
checking for suffix of object files... o
checking whether we are using the GNU C compiler... yes
checking whether gcc accepts -g... yes
checking for gcc option to accept ANSI C... none needed
checking how to run the C preprocessor... gcc -E
checking for a BSD-compatible install... /usr/bin/install -c
checking whether make sets $(MAKE)... yes
checking for ranlib... ranlib
checking for egrep... grep -E
checking for ANSI C header files... no
checking for sys/types.h... yes
checking for sys/stat.h... yes
checking for stdlib.h... yes
checking for string.h... yes
checking for memory.h... yes
checking for strings.h... yes
checking for inttypes.h... yes
checking for stdint.h... yes
checking for unistd.h... yes
checking if the compiler understands -pipe... yes
checking whether byte ordering is bigendian... no
checking for sin... no
checking for main in -lieee... no
checking for main in -linet... no
checking net/errno.h usability... no
checking net/errno.h presence... no
checking for net/errno.h... no
checking for connect... yes
checking for gethostbyname... yes
checking dirent.h... yes
checking errno.h usability... yes
checking errno.h presence... yes
checking for errno.h... yes
checking float.h usability... yes
checking float.h presence... yes
checking for float.h... yes
checking values.h usability... yes
checking values.h presence... yes
checking for values.h... yes
checking limits.h usability... yes
checking limits.h presence... yes
checking for limits.h... yes
checking for stdlib.h... (cached) yes
checking for string.h... (cached) yes
checking sys/wait.h usability... yes
checking sys/wait.h presence... yes
checking for sys/wait.h... yes
checking dlfcn.h usability... yes
checking dlfcn.h presence... yes
checking for dlfcn.h... yes
checking sys/param.h usability... yes
checking sys/param.h presence... yes
checking for sys/param.h... yes
checking for Tcl public headers... /usr/include
checking for Tk public headers... /usr/include
checking for X... libraries , headers 
checking for X11 header files... checking for pthread_mutex_init in -lpthread... yes
checking for building with threads... yes (default)
configure: WARNING:
    --enable-threads requested, but building against a Tcl that is NOT
    thread-enabled.  This is an OK configuration that will also run in
    a thread-enabled core.
checking how to build libraries... shared
checking if 64bit support is requested... no
checking if 64bit Sparc VIS support is requested... no
checking system version... Linux-6.18.5-200.fc43.x86_64
checking for dlopen in -ldl... yes
checking for ar... ar
checking for required early compiler flags...  _LARGEFILE64_SOURCE
checking for 64-bit integer type... using long
checking for build with symbols... no
checking for tclsh... /usr/bin/tclsh9.0
checking for wish... /usr/bin/wish9.0
configure: creating ./config.status
config.status: creating Makefile
